<html>
<head>
<title>TestNG:  Command line test</title>
<link href="../testng.css" rel="stylesheet" type="text/css" />
<link href="../my-testng.css" rel="stylesheet" type="text/css" />

<style type="text/css">
.log { display: none;} 
.stack-trace { display: none;} 
</style>
<script type="text/javascript">
<!--
function flip(e) {
  current = e.style.display;
  if (current == 'block') {
    e.style.display = 'none';
    return 0;
  }
  else {
    e.style.display = 'block';
    return 1;
  }
}

function toggleBox(szDivId, elem, msg1, msg2)
{
  var res = -1;  if (document.getElementById) {
    res = flip(document.getElementById(szDivId));
  }
  else if (document.all) {
    // this is the way old msie versions work
    res = flip(document.all[szDivId]);
  }
  if(elem) {
    if(res == 0) elem.innerHTML = msg1; else elem.innerHTML = msg2;
  }

}

function toggleAllBoxes() {
  if (document.getElementsByTagName) {
    d = document.getElementsByTagName('div');
    for (i = 0; i < d.length; i++) {
      if (d[i].className == 'log') {
        flip(d[i]);
      }
    }
  }
}

// -->
</script>

</head>
<body>
<h2 align='center'>Command line test</h2><table border='1' align="center">
<tr>
<td>Tests passed/Failed/Skipped:</td><td>14/1/0</td>
</tr><tr>
<td>Started on:</td><td>Mon Apr 12 00:59:50 EDT 2021</td>
</tr>
<tr><td>Total time:</td><td>0 seconds (173 ms)</td>
</tr><tr>
<td>Included groups:</td><td></td>
</tr><tr>
<td>Excluded groups:</td><td></td>
</tr>
</table><p/>
<small><i>(Hover the method name to see the test class name)</i></small><p/>
<table width='100%' border='1' class='invocation-failed'>
<tr><td colspan='4' align='center'><b>FAILED TESTS</b></td></tr>
<tr><td><b>Test method</b></td>
<td width="30%"><b>Exception</b></td>
<td width="10%"><b>Time (seconds)</b></td>
<td><b>Instance</b></td>
</tr>
<tr>
<td title='tests.LoginTest.loginToHotel()'><b>loginToHotel</b><br>Test class: tests.LoginTest</td>
<td><div><pre>org.testng.TestNGException: 
Parameter &apos;userName&apos; is required by @Test on method loginToHotel but has not been marked @Optional or defined

	at java.util.ArrayList.forEach(ArrayList.java:1259)
... Removed 36 stack frames</pre></div><a href='#' onClick='toggleBox("stack-trace2113604623", this, "Click to show all stack frames", "Click to hide stack frames")'>Click to show all stack frames</a>
<div class='stack-trace' id='stack-trace2113604623'><pre>org.testng.TestNGException: 
Parameter &apos;userName&apos; is required by @Test on method loginToHotel but has not been marked @Optional or defined

	at org.testng.internal.Parameters.createParams(Parameters.java:270)
	at org.testng.internal.Parameters.createParametersForMethod(Parameters.java:358)
	at org.testng.internal.Parameters.createParameters(Parameters.java:700)
	at org.testng.internal.Parameters.handleParameters(Parameters.java:884)
	at org.testng.internal.Parameters.handleParameters(Parameters.java:740)
	at org.testng.internal.ParameterHandler.handleParameters(ParameterHandler.java:59)
	at org.testng.internal.ParameterHandler.createParameters(ParameterHandler.java:38)
	at org.testng.internal.TestInvoker$MethodInvocationAgent.invoke(TestInvoker.java:791)
	at org.testng.internal.TestInvoker.invokeTestMethods(TestInvoker.java:146)
	at org.testng.internal.TestMethodWorker.invokeTestMethods(TestMethodWorker.java:146)
	at org.testng.internal.TestMethodWorker.run(TestMethodWorker.java:128)
	at java.util.ArrayList.forEach(ArrayList.java:1259)
	at org.testng.TestRunner.privateRun(TestRunner.java:794)
	at org.testng.TestRunner.run(TestRunner.java:596)
	at org.testng.SuiteRunner.runTest(SuiteRunner.java:377)
	at org.testng.SuiteRunner.runSequentially(SuiteRunner.java:371)
	at org.testng.SuiteRunner.privateRun(SuiteRunner.java:332)
	at org.testng.SuiteRunner.run(SuiteRunner.java:276)
	at org.testng.SuiteRunnerWorker.runSuite(SuiteRunnerWorker.java:53)
	at org.testng.SuiteRunnerWorker.run(SuiteRunnerWorker.java:96)
	at org.testng.TestNG.runSuitesSequentially(TestNG.java:1212)
	at org.testng.TestNG.runSuitesLocally(TestNG.java:1134)
	at org.testng.TestNG.runSuites(TestNG.java:1063)
	at org.testng.TestNG.run(TestNG.java:1031)
	at org.apache.maven.surefire.testng.TestNGExecutor.run(TestNGExecutor.java:77)
	at org.apache.maven.surefire.testng.TestNGDirectoryTestSuite.executeMulti(TestNGDirectoryTestSuite.java:159)
	at org.apache.maven.surefire.testng.TestNGDirectoryTestSuite.execute(TestNGDirectoryTestSuite.java:99)
	at org.apache.maven.surefire.testng.TestNGProvider.invoke(TestNGProvider.java:106)
	at sun.reflect.NativeMethodAccessorImpl.invoke0(Native Method)
	at sun.reflect.NativeMethodAccessorImpl.invoke(NativeMethodAccessorImpl.java:62)
	at sun.reflect.DelegatingMethodAccessorImpl.invoke(DelegatingMethodAccessorImpl.java:43)
	at java.lang.reflect.Method.invoke(Method.java:498)
	at org.apache.maven.surefire.util.ReflectionUtils.invokeMethodWithArray(ReflectionUtils.java:189)
	at org.apache.maven.surefire.booter.ProviderFactory$ProviderProxy.invoke(ProviderFactory.java:165)
	at org.apache.maven.surefire.booter.ProviderFactory.invokeProvider(ProviderFactory.java:85)
	at org.apache.maven.surefire.booter.ForkedBooter.runSuitesInProcess(ForkedBooter.java:115)
	at org.apache.maven.surefire.booter.ForkedBooter.main(ForkedBooter.java:75)
</pre></div></td>
<td>0</td>
<td>tests.LoginTest@72cc7e6f</td></tr>
</table><p>
<table width='100%' border='1' class='invocation-passed'>
<tr><td colspan='4' align='center'><b>PASSED TESTS</b></td></tr>
<tr><td><b>Test method</b></td>
<td width="30%"><b>Exception</b></td>
<td width="10%"><b>Time (seconds)</b></td>
<td><b>Instance</b></td>
</tr>
<tr>
<td title='testNG.concept.TestNGAnnotation.test_one()'><b>test_one</b><br>Test class: testNG.concept.TestNGAnnotation</td>
<td></td>
<td>0</td>
<td>testNG.concept.TestNGAnnotation@59717824</td></tr>
<tr>
<td title='testNG.concept.TestNGGroups.testSmoke_two()'><b>testSmoke_two</b><br>Test class: testNG.concept.TestNGGroups</td>
<td></td>
<td>0</td>
<td>testNG.concept.TestNGGroups@62bd765</td></tr>
<tr>
<td title='testNG.concept.TestNGAnnotation.test_hree()'><b>test_hree</b><br>Test class: testNG.concept.TestNGAnnotation</td>
<td></td>
<td>0</td>
<td>testNG.concept.TestNGAnnotation@59717824</td></tr>
<tr>
<td title='testNG.concept.TestNGAnnotation.test_without_priority()'><b>test_without_priority</b><br>Test class: testNG.concept.TestNGAnnotation</td>
<td></td>
<td>0</td>
<td>testNG.concept.TestNGAnnotation@59717824</td></tr>
<tr>
<td title='testNG.concept.TestNGAssertions.softAssertion()'><b>softAssertion</b><br>Test class: testNG.concept.TestNGAssertions</td>
<td></td>
<td>0</td>
<td>testNG.concept.TestNGAssertions@646be2c3</td></tr>
<tr>
<td title='testNG.concept.TestNGAnnotation.test_two()'><b>test_two</b><br>Test class: testNG.concept.TestNGAnnotation</td>
<td></td>
<td>0</td>
<td>testNG.concept.TestNGAnnotation@59717824</td></tr>
<tr>
<td title='testNG.concept.TestNGAssertions.hardAssertion()'><b>hardAssertion</b><br>Test class: testNG.concept.TestNGAssertions</td>
<td></td>
<td>0</td>
<td>testNG.concept.TestNGAssertions@646be2c3</td></tr>
<tr>
<td title='testNG.concept.TestNGDependent.test_SignINtoApplication()'><b>test_SignINtoApplication</b><br>Test class: testNG.concept.TestNGDependent</td>
<td></td>
<td>0</td>
<td>testNG.concept.TestNGDependent@221af3c0</td></tr>
<tr>
<td title='testNG.concept.TestNGGroups.testRegression()'><b>testRegression</b><br>Test class: testNG.concept.TestNGGroups</td>
<td></td>
<td>0</td>
<td>testNG.concept.TestNGGroups@62bd765</td></tr>
<tr>
<td title='testNG.concept.TestNGGroups.testSmoke()'><b>testSmoke</b><br>Test class: testNG.concept.TestNGGroups</td>
<td></td>
<td>0</td>
<td>testNG.concept.TestNGGroups@62bd765</td></tr>
<tr>
<td title='testNG.concept.TestNGGroups.testSmoke_three()'><b>testSmoke_three</b><br>Test class: testNG.concept.TestNGGroups</td>
<td></td>
<td>0</td>
<td>testNG.concept.TestNGGroups@62bd765</td></tr>
<tr>
<td title='testNG.concept.TestNGDependent.test_NavigateToURL()'><b>test_NavigateToURL</b><br>Test class: testNG.concept.TestNGDependent</td>
<td></td>
<td>0</td>
<td>testNG.concept.TestNGDependent@221af3c0</td></tr>
<tr>
<td title='testNG.concept.TestNGDependent.test_OpenBrowser()'><b>test_OpenBrowser</b><br>Test class: testNG.concept.TestNGDependent</td>
<td></td>
<td>0</td>
<td>testNG.concept.TestNGDependent@221af3c0</td></tr>
<tr>
<td title='testNG.concept.TestNGGroups.testRegression_two()'><b>testRegression_two</b><br>Test class: testNG.concept.TestNGGroups</td>
<td></td>
<td>0</td>
<td>testNG.concept.TestNGGroups@62bd765</td></tr>
</table><p>
</body>
</html>